[2025-06-04 11:29:03Z INFO HostContext] No proxy settings were found based on environmental variables (http_proxy/https_proxy/HTTP_PROXY/HTTPS_PROXY)
[2025-06-04 11:29:03Z INFO HostContext] Well known directory 'Bin': 'D:\code\projects\najibullahjafari\actions-runner\bin'
[2025-06-04 11:29:03Z INFO HostContext] Well known directory 'Root': 'D:\code\projects\najibullahjafari\actions-runner'
[2025-06-04 11:29:03Z INFO HostContext] Well known config file 'Credentials': 'D:\code\projects\najibullahjafari\actions-runner\.credentials'
[2025-06-04 11:29:03Z INFO HostContext] Well known directory 'Bin': 'D:\code\projects\najibullahjafari\actions-runner\bin'
[2025-06-04 11:29:03Z INFO HostContext] Well known directory 'Root': 'D:\code\projects\najibullahjafari\actions-runner'
[2025-06-04 11:29:03Z INFO HostContext] Well known config file 'Runner': 'D:\code\projects\najibullahjafari\actions-runner\.runner'
[2025-06-04 11:29:03Z INFO Listener] Runner is built for Windows (X64) - win-x64.
[2025-06-04 11:29:03Z INFO Listener] RuntimeInformation: Microsoft Windows 10.0.19044.
[2025-06-04 11:29:03Z INFO Listener] Version: 2.324.0
[2025-06-04 11:29:03Z INFO Listener] Commit: da3412efd49b1cf1a0fbdcbcee4e4ac4cc2177c8
[2025-06-04 11:29:03Z INFO Listener] Culture: en-US
[2025-06-04 11:29:03Z INFO Listener] UI Culture: en-US
[2025-06-04 11:29:03Z INFO HostContext] Well known directory 'Bin': 'D:\code\projects\najibullahjafari\actions-runner\bin'
[2025-06-04 11:29:03Z INFO HostContext] Well known directory 'Root': 'D:\code\projects\najibullahjafari\actions-runner'
[2025-06-04 11:29:03Z INFO Listener] Validating directory permissions for: 'D:\code\projects\najibullahjafari\actions-runner'
[2025-06-04 11:29:03Z INFO CommandLineParser] Parse
[2025-06-04 11:29:03Z INFO CommandLineParser] Parsing 5 args
[2025-06-04 11:29:03Z INFO CommandLineParser] parsing argument
[2025-06-04 11:29:03Z INFO CommandLineParser] HasArgs: False
[2025-06-04 11:29:03Z INFO CommandLineParser] Adding Command: configure
[2025-06-04 11:29:03Z INFO CommandLineParser] parsing argument
[2025-06-04 11:29:03Z INFO CommandLineParser] HasArgs: True
[2025-06-04 11:29:03Z INFO CommandLineParser] arg: url
[2025-06-04 11:29:03Z INFO CommandLineParser] parsing argument
[2025-06-04 11:29:03Z INFO CommandLineParser] HasArgs: True
[2025-06-04 11:29:03Z INFO CommandLineParser] Adding option 'url': 'https://github.com/najibullahjafari/najibullahjafari'
[2025-06-04 11:29:03Z INFO CommandLineParser] parsing argument
[2025-06-04 11:29:03Z INFO CommandLineParser] HasArgs: True
[2025-06-04 11:29:03Z INFO CommandLineParser] arg: token
[2025-06-04 11:29:03Z INFO CommandLineParser] parsing argument
[2025-06-04 11:29:03Z INFO CommandLineParser] HasArgs: True
[2025-06-04 11:29:03Z INFO CommandLineParser] Adding option 'token': '***'
[2025-06-04 11:29:03Z INFO Listener] Arguments parsed
[2025-06-04 11:29:03Z INFO Runner] ExecuteCommand
[2025-06-04 11:29:03Z INFO ConfigurationStore] currentAssemblyLocation: D:\code\projects\najibullahjafari\actions-runner\bin\Runner.Listener.dll
[2025-06-04 11:29:03Z INFO HostContext] Well known directory 'Bin': 'D:\code\projects\najibullahjafari\actions-runner\bin'
[2025-06-04 11:29:03Z INFO ConfigurationStore] binPath: D:\code\projects\najibullahjafari\actions-runner\bin
[2025-06-04 11:29:03Z INFO HostContext] Well known directory 'Bin': 'D:\code\projects\najibullahjafari\actions-runner\bin'
[2025-06-04 11:29:03Z INFO HostContext] Well known directory 'Root': 'D:\code\projects\najibullahjafari\actions-runner'
[2025-06-04 11:29:03Z INFO ConfigurationStore] RootFolder: D:\code\projects\najibullahjafari\actions-runner
[2025-06-04 11:29:03Z INFO HostContext] Well known directory 'Bin': 'D:\code\projects\najibullahjafari\actions-runner\bin'
[2025-06-04 11:29:03Z INFO HostContext] Well known directory 'Root': 'D:\code\projects\najibullahjafari\actions-runner'
[2025-06-04 11:29:03Z INFO HostContext] Well known config file 'Runner': 'D:\code\projects\najibullahjafari\actions-runner\.runner'
[2025-06-04 11:29:03Z INFO ConfigurationStore] ConfigFilePath: D:\code\projects\najibullahjafari\actions-runner\.runner
[2025-06-04 11:29:03Z INFO HostContext] Well known directory 'Bin': 'D:\code\projects\najibullahjafari\actions-runner\bin'
[2025-06-04 11:29:03Z INFO HostContext] Well known directory 'Root': 'D:\code\projects\najibullahjafari\actions-runner'
[2025-06-04 11:29:03Z INFO HostContext] Well known config file 'MigratedRunner': 'D:\code\projects\najibullahjafari\actions-runner\.runner_migrated'
[2025-06-04 11:29:03Z INFO ConfigurationStore] MigratedConfigFilePath: D:\code\projects\najibullahjafari\actions-runner\.runner_migrated
[2025-06-04 11:29:03Z INFO HostContext] Well known directory 'Bin': 'D:\code\projects\najibullahjafari\actions-runner\bin'
[2025-06-04 11:29:03Z INFO HostContext] Well known directory 'Root': 'D:\code\projects\najibullahjafari\actions-runner'
[2025-06-04 11:29:03Z INFO HostContext] Well known config file 'Credentials': 'D:\code\projects\najibullahjafari\actions-runner\.credentials'
[2025-06-04 11:29:03Z INFO ConfigurationStore] CredFilePath: D:\code\projects\najibullahjafari\actions-runner\.credentials
[2025-06-04 11:29:03Z INFO HostContext] Well known directory 'Bin': 'D:\code\projects\najibullahjafari\actions-runner\bin'
[2025-06-04 11:29:03Z INFO HostContext] Well known directory 'Root': 'D:\code\projects\najibullahjafari\actions-runner'
[2025-06-04 11:29:03Z INFO HostContext] Well known config file 'MigratedCredentials': 'D:\code\projects\najibullahjafari\actions-runner\.credentials_migrated'
[2025-06-04 11:29:03Z INFO ConfigurationStore] MigratedCredFilePath: D:\code\projects\najibullahjafari\actions-runner\.credentials_migrated
[2025-06-04 11:29:03Z INFO HostContext] Well known directory 'Bin': 'D:\code\projects\najibullahjafari\actions-runner\bin'
[2025-06-04 11:29:03Z INFO HostContext] Well known directory 'Root': 'D:\code\projects\najibullahjafari\actions-runner'
[2025-06-04 11:29:03Z INFO HostContext] Well known config file 'Service': 'D:\code\projects\najibullahjafari\actions-runner\.service'
[2025-06-04 11:29:03Z INFO ConfigurationStore] ServiceConfigFilePath: D:\code\projects\najibullahjafari\actions-runner\.service
[2025-06-04 11:29:03Z INFO CommandSettings] Flag 'help': 'False'
[2025-06-04 11:29:03Z INFO CommandSettings] Flag 'version': 'False'
[2025-06-04 11:29:03Z INFO CommandSettings] Flag 'commit': 'False'
[2025-06-04 11:29:03Z INFO CommandSettings] Flag 'check': 'False'
[2025-06-04 11:29:03Z INFO CommandSettings] Command 'configure': 'True'
[2025-06-04 11:29:03Z INFO Terminal] WRITE LINE: 
[2025-06-04 11:29:03Z INFO Terminal] WRITE LINE: --------------------------------------------------------------------------------
[2025-06-04 11:29:03Z INFO Terminal] WRITE LINE: |        ____ _ _   _   _       _          _        _   _                      |
[2025-06-04 11:29:03Z INFO Terminal] WRITE LINE: |       / ___(_) |_| | | |_   _| |__      / \   ___| |_(_) ___  _ __  ___      |
[2025-06-04 11:29:03Z INFO Terminal] WRITE LINE: |      | |  _| | __| |_| | | | | '_ \    / _ \ / __| __| |/ _ \| '_ \/ __|     |
[2025-06-04 11:29:03Z INFO Terminal] WRITE LINE: |      | |_| | | |_|  _  | |_| | |_) |  / ___ \ (__| |_| | (_) | | | \__ \     |
[2025-06-04 11:29:03Z INFO Terminal] WRITE LINE: |       \____|_|\__|_| |_|\__,_|_.__/  /_/   \_\___|\__|_|\___/|_| |_|___/     |
[2025-06-04 11:29:03Z INFO Terminal] WRITE LINE: |                                                                              |
[2025-06-04 11:29:03Z INFO Terminal] WRITE: |                       
[2025-06-04 11:29:03Z INFO Terminal] WRITE: Self-hosted runner registration
[2025-06-04 11:29:03Z INFO Terminal] WRITE LINE:                         |
[2025-06-04 11:29:03Z INFO Terminal] WRITE LINE: |                                                                              |
[2025-06-04 11:29:03Z INFO Terminal] WRITE LINE: --------------------------------------------------------------------------------
[2025-06-04 11:29:03Z INFO ConfigurationManager] ConfigureAsync
[2025-06-04 11:29:03Z INFO CommandSettings] Flag 'generateServiceConfig': 'False'
[2025-06-04 11:29:03Z INFO ConfigurationStore] IsConfigured()
[2025-06-04 11:29:03Z INFO ConfigurationStore] IsConfigured: False
[2025-06-04 11:29:03Z INFO ConfigurationManager] Is configured: False
[2025-06-04 11:29:03Z INFO CommandSettings] Arg 'url': 'https://github.com/najibullahjafari/najibullahjafari'
[2025-06-04 11:29:03Z INFO CommandSettings] Remove url from Arg dictionary.
[2025-06-04 11:29:03Z INFO CommandSettings] Arg 'token': '***'
[2025-06-04 11:29:03Z INFO CommandSettings] Remove token from Arg dictionary.
[2025-06-04 11:29:05Z INFO ConfigurationManager] Http response code: OK from 'POST https://api.github.com/actions/runner-registration' (2EE6:14A7C7:41902:4CBC8:68402D4B)
[2025-06-04 11:29:05Z INFO ConfigurationManager] Using V2 flow: False
[2025-06-04 11:29:05Z INFO ConfigurationManager] cred retrieved via GitHub auth
[2025-06-04 11:29:05Z INFO RunnerServer] EstablishVssConnection
[2025-06-04 11:29:05Z INFO RunnerServer] Establish connection with 100 seconds timeout.
[2025-06-04 11:29:05Z INFO GitHubActionsService] Starting operation Location.GetConnectionData
[2025-06-04 11:29:05Z INFO RunnerServer] EstablishVssConnection
[2025-06-04 11:29:05Z INFO RunnerServer] Establish connection with 60 seconds timeout.
[2025-06-04 11:29:05Z INFO GitHubActionsService] Starting operation Location.GetConnectionData
[2025-06-04 11:29:05Z INFO RunnerServer] EstablishVssConnection
[2025-06-04 11:29:05Z INFO RunnerServer] Establish connection with 60 seconds timeout.
[2025-06-04 11:29:05Z INFO GitHubActionsService] Starting operation Location.GetConnectionData
[2025-06-04 11:29:06Z INFO GitHubActionsService] Finished operation Location.GetConnectionData
[2025-06-04 11:29:06Z INFO GitHubActionsService] Finished operation Location.GetConnectionData
[2025-06-04 11:29:06Z INFO GitHubActionsService] Finished operation Location.GetConnectionData
[2025-06-04 11:29:06Z INFO Terminal] WRITE LINE: 
[2025-06-04 11:29:06Z INFO ConfigurationManager] Test Connection complete.
[2025-06-04 11:29:06Z INFO HostContext] Well known directory 'Bin': 'D:\code\projects\najibullahjafari\actions-runner\bin'
[2025-06-04 11:29:06Z INFO HostContext] Well known directory 'Root': 'D:\code\projects\najibullahjafari\actions-runner'
[2025-06-04 11:29:06Z INFO HostContext] Well known config file 'RSACredentials': 'D:\code\projects\najibullahjafari\actions-runner\.credentials_rsaparams'
[2025-06-04 11:29:06Z INFO RSAEncryptedFileKeyManager] Found existing RSA key parameters file D:\code\projects\najibullahjafari\actions-runner\.credentials_rsaparams
[2025-06-04 11:29:06Z INFO CommandSettings] Arg 'runnergroup': ''
[2025-06-04 11:29:06Z INFO CommandSettings] Flag 'unattended': 'False'
[2025-06-04 11:29:06Z INFO PromptManager] ReadValue
[2025-06-04 11:29:06Z INFO Terminal] WRITE: Enter the name of the runner group to add this runner to: 
[2025-06-04 11:29:06Z INFO Terminal] WRITE: [press Enter for Default] 
[2025-06-04 11:29:06Z INFO Terminal] READ LINE
[2025-06-04 11:29:09Z INFO Terminal] Read value: ''
[2025-06-04 11:29:09Z INFO PromptManager] Falling back to the default: 'Default'
[2025-06-04 11:29:09Z INFO Terminal] WRITE LINE: 
[2025-06-04 11:29:09Z INFO ConfigurationManager] Found a self-hosted runner group with id 1 and name Default
[2025-06-04 11:29:09Z INFO CommandSettings] Flag 'disableupdate': 'False'
[2025-06-04 11:29:09Z INFO CommandSettings] Flag 'ephemeral': 'False'
[2025-06-04 11:29:09Z INFO CommandSettings] Arg 'name': ''
[2025-06-04 11:29:09Z INFO CommandSettings] Flag 'unattended': 'False'
[2025-06-04 11:29:09Z INFO PromptManager] ReadValue
[2025-06-04 11:29:09Z INFO Terminal] WRITE: Enter the name of runner: 
[2025-06-04 11:29:09Z INFO Terminal] WRITE: [press Enter for ADMIN] 
[2025-06-04 11:29:09Z INFO Terminal] READ LINE
[2025-06-04 11:29:11Z INFO Terminal] Read value: ''
[2025-06-04 11:29:11Z INFO PromptManager] Falling back to the default: 'ADMIN'
[2025-06-04 11:29:11Z INFO Terminal] WRITE LINE: 
[2025-06-04 11:29:11Z INFO CommandSettings] Arg 'labels': ''
[2025-06-04 11:29:11Z INFO CommandSettings] Flag 'unattended': 'False'
[2025-06-04 11:29:11Z INFO PromptManager] ReadValue
[2025-06-04 11:29:11Z INFO Terminal] WRITE: This runner will have the following labels: 'self-hosted', 'Windows', 'X64' 
Enter any additional labels (ex. label-1,label-2): 
[2025-06-04 11:29:11Z INFO Terminal] WRITE: [press Enter to skip] 
[2025-06-04 11:29:11Z INFO Terminal] READ LINE
[2025-06-04 11:29:14Z INFO Terminal] Read value: ''
[2025-06-04 11:29:14Z INFO Terminal] WRITE LINE: 
[2025-06-04 11:29:14Z INFO CommandSettings] Flag 'disableupdate': 'False'
[2025-06-04 11:29:14Z INFO CommandSettings] Flag 'no-default-labels': 'False'
[2025-06-04 11:29:14Z INFO CommandSettings] Flag 'disableupdate': 'False'
[2025-06-04 11:29:14Z INFO CommandSettings] Flag 'ephemeral': 'False'
[2025-06-04 11:29:14Z INFO ConfigurationStore] Saving OAuth credential @ D:\code\projects\najibullahjafari\actions-runner\.credentials
[2025-06-04 11:29:14Z INFO ConfigurationStore] Credentials Saved.
[2025-06-04 11:29:14Z INFO ConfigurationStore] HasCredentials()
[2025-06-04 11:29:15Z INFO ConfigurationStore] stored True
[2025-06-04 11:29:15Z INFO CredentialManager] GetCredentialProvider
[2025-06-04 11:29:15Z INFO CredentialManager] Creating type OAuth
[2025-06-04 11:29:15Z INFO CredentialManager] Creating credential type: OAuth
[2025-06-04 11:29:15Z INFO RSAEncryptedFileKeyManager] Loading RSA key parameters from file D:\code\projects\najibullahjafari\actions-runner\.credentials_rsaparams
[2025-06-04 11:29:15Z INFO RunnerServer] EstablishVssConnection
[2025-06-04 11:29:15Z INFO RunnerServer] Establish connection with 100 seconds timeout.
[2025-06-04 11:29:15Z INFO GitHubActionsService] Starting operation Location.GetConnectionData
[2025-06-04 11:29:15Z INFO RunnerServer] EstablishVssConnection
[2025-06-04 11:29:15Z INFO RunnerServer] Establish connection with 60 seconds timeout.
[2025-06-04 11:29:15Z INFO GitHubActionsService] Starting operation Location.GetConnectionData
[2025-06-04 11:29:15Z INFO RunnerServer] EstablishVssConnection
[2025-06-04 11:29:15Z INFO RunnerServer] Establish connection with 60 seconds timeout.
[2025-06-04 11:29:15Z INFO GitHubActionsService] Starting operation Location.GetConnectionData
[2025-06-04 11:29:15Z INFO GitHubActionsService] Finished operation Location.GetConnectionData
[2025-06-04 11:29:16Z INFO GitHubActionsService] Finished operation Location.GetConnectionData
[2025-06-04 11:29:16Z INFO GitHubActionsService] Finished operation Location.GetConnectionData
[2025-06-04 11:29:16Z INFO RSAEncryptedFileKeyManager] Loading RSA key parameters from file D:\code\projects\najibullahjafari\actions-runner\.credentials_rsaparams
[2025-06-04 11:29:16Z INFO RSAEncryptedFileKeyManager] Loading RSA key parameters from file D:\code\projects\najibullahjafari\actions-runner\.credentials_rsaparams
[2025-06-04 11:29:18Z INFO GitHubActionsService] AAD Correlation ID for this token request: Unknown
[2025-06-04 11:29:18Z INFO ConfigurationManager] Service enforced serverUrlV2: https://broker.actions.githubusercontent.com/
[2025-06-04 11:29:18Z INFO ConfigurationManager] Service enforced useV2Flow: True
[2025-06-04 11:29:18Z INFO CommandSettings] Arg 'work': ''
[2025-06-04 11:29:18Z INFO CommandSettings] Flag 'unattended': 'False'
[2025-06-04 11:29:18Z INFO PromptManager] ReadValue
[2025-06-04 11:29:18Z INFO Terminal] WRITE: Enter name of work folder: 
[2025-06-04 11:29:18Z INFO Terminal] WRITE: [press Enter for _work] 
[2025-06-04 11:29:18Z INFO Terminal] READ LINE
[2025-06-04 11:29:26Z INFO Terminal] Read value: ''
[2025-06-04 11:29:26Z INFO PromptManager] Falling back to the default: '_work'
[2025-06-04 11:29:26Z INFO ConfigurationStore] Saving runner settings.
[2025-06-04 11:29:26Z INFO ConfigurationStore] Settings Saved.
[2025-06-04 11:29:26Z INFO Terminal] WRITE LINE: 
[2025-06-04 11:29:26Z INFO Terminal] WRITE LINE: 
[2025-06-04 11:29:26Z INFO CommandSettings] Flag 'runasservice': 'False'
[2025-06-04 11:29:26Z INFO CommandSettings] Flag 'unattended': 'False'
[2025-06-04 11:29:26Z INFO PromptManager] ReadValue
[2025-06-04 11:29:26Z INFO Terminal] WRITE: Would you like to run the runner as service? (Y/N) 
[2025-06-04 11:29:26Z INFO Terminal] WRITE: [press Enter for N] 
[2025-06-04 11:29:26Z INFO Terminal] READ LINE
[2025-06-04 11:29:31Z INFO Terminal] Read value: 'y'
[2025-06-04 11:29:31Z INFO ConfigurationManager] Configuring to run the agent as service
[2025-06-04 11:29:31Z INFO CommandSettings] Arg 'windowslogonaccount': ''
[2025-06-04 11:29:31Z INFO CommandSettings] Flag 'unattended': 'False'
[2025-06-04 11:29:31Z INFO PromptManager] ReadValue
[2025-06-04 11:29:31Z INFO Terminal] WRITE: User account to use for the service 
[2025-06-04 11:29:31Z INFO Terminal] WRITE: [press Enter for NT AUTHORITY\NETWORK SERVICE] 
[2025-06-04 11:29:31Z INFO Terminal] READ LINE
[2025-06-04 11:29:38Z INFO Terminal] Read value: ''
[2025-06-04 11:29:38Z INFO PromptManager] Falling back to the default: 'NT AUTHORITY\NETWORK SERVICE'
[2025-06-04 11:29:38Z INFO WindowsServiceControlManager] LogonAccount after transforming: NT AUTHORITY\NETWORK SERVICE, user: NETWORK SERVICE, domain: NT AUTHORITY
[2025-06-04 11:29:38Z INFO WindowsServiceControlManager] Service name 'actions.runner.najibullahjafari-najibullahjafari.ADMIN' display name 'GitHub Actions Runner (najibullahjafari-najibullahjafari.ADMIN)' will be used for service configuration.
[2025-06-04 11:29:38Z INFO WindowsServiceControlManager] Verifying if the account has LogonAsService permission
[2025-06-04 11:29:38Z INFO NativeWindowsServiceHelper] Successfully grant logon as service privilege to account 'NETWORK SERVICE'
[2025-06-04 11:29:38Z INFO WindowsServiceControlManager] Create local group and grant folder permission to service logon account.
[2025-06-04 11:29:38Z INFO HostContext] Well known directory 'Bin': 'D:\code\projects\najibullahjafari\actions-runner\bin'
[2025-06-04 11:29:38Z INFO HostContext] Well known directory 'Root': 'D:\code\projects\najibullahjafari\actions-runner'
[2025-06-04 11:29:38Z INFO ConfigurationStore] Read setting file: 402 chars
[2025-06-04 11:29:38Z INFO HostContext] Well known directory 'Bin': 'D:\code\projects\najibullahjafari\actions-runner\bin'
[2025-06-04 11:29:38Z INFO HostContext] Well known directory 'Root': 'D:\code\projects\najibullahjafari\actions-runner'
[2025-06-04 11:29:38Z INFO HostContext] Well known directory 'Work': 'D:\code\projects\najibullahjafari\actions-runner\_work'
[2025-06-04 11:29:38Z INFO HostContext] Well known directory 'Bin': 'D:\code\projects\najibullahjafari\actions-runner\bin'
[2025-06-04 11:29:38Z INFO NativeWindowsServiceHelper] Calculated unique group name GITHUB_ActionsRunner_Gc94a5
[2025-06-04 11:29:38Z INFO NativeWindowsServiceHelper] Trying to create group GITHUB_ActionsRunner_Gc94a5
[2025-06-04 11:29:38Z INFO NativeWindowsServiceHelper] Local Group 'GITHUB_ActionsRunner_Gc94a5' created
[2025-06-04 11:29:38Z INFO NativeWindowsServiceHelper] Trying to add userName NT AUTHORITY\NETWORK SERVICE to the group GITHUB_ActionsRunner_Gc94a5
[2025-06-04 11:29:38Z INFO NativeWindowsServiceHelper] Account 'NT AUTHORITY\NETWORK SERVICE' is added to local group 'GITHUB_ActionsRunner_Gc94a5'.
[2025-06-04 11:29:38Z INFO NativeWindowsServiceHelper] Set full access control to group for the folder D:\code\projects\najibullahjafari\actions-runner
[2025-06-04 11:29:38Z INFO NativeWindowsServiceHelper] Set full access control to group for the folder D:\code\projects\najibullahjafari\actions-runner\_work
[2025-06-04 11:29:38Z INFO NativeWindowsServiceHelper] Local group 'GITHUB_ActionsRunner_Gc94a5' already has full control to path 'D:\code\projects\najibullahjafari\actions-runner\_work'.
[2025-06-04 11:29:38Z INFO Terminal] WRITE LINE: Granting file permissions to 'NT AUTHORITY\NETWORK SERVICE'.
[2025-06-04 11:29:38Z INFO HostContext] Well known directory 'Bin': 'D:\code\projects\najibullahjafari\actions-runner\bin'
[2025-06-04 11:29:38Z INFO ProcessInvokerWrapper] Starting process:
[2025-06-04 11:29:38Z INFO ProcessInvokerWrapper]   File name: '"D:\code\projects\najibullahjafari\actions-runner\bin\RunnerService.exe"'
[2025-06-04 11:29:38Z INFO ProcessInvokerWrapper]   Arguments: 'init'
[2025-06-04 11:29:38Z INFO ProcessInvokerWrapper]   Working directory: ''
[2025-06-04 11:29:38Z INFO ProcessInvokerWrapper]   Require exit code zero: 'True'
[2025-06-04 11:29:38Z INFO ProcessInvokerWrapper]   Encoding web name:  ; code page: ''
[2025-06-04 11:29:38Z INFO ProcessInvokerWrapper]   Force kill process on cancellation: 'False'
[2025-06-04 11:29:38Z INFO ProcessInvokerWrapper]   Redirected STDIN: 'False'
[2025-06-04 11:29:38Z INFO ProcessInvokerWrapper]   Persist current code page: 'False'
[2025-06-04 11:29:38Z INFO ProcessInvokerWrapper]   Keep redirected STDIN open: 'False'
[2025-06-04 11:29:38Z INFO ProcessInvokerWrapper]   High priority process: 'False'
[2025-06-04 11:29:38Z INFO ProcessInvokerWrapper] Process started with process id 4572, waiting for process exit.
[2025-06-04 11:29:38Z INFO ProcessInvokerWrapper] STDOUT/STDERR stream read finished.
[2025-06-04 11:29:38Z INFO ProcessInvokerWrapper] STDOUT/STDERR stream read finished.
[2025-06-04 11:29:38Z INFO ProcessInvokerWrapper] Finished process 4572 with exit code 0, and elapsed time 00:00:00.2507195.
[2025-06-04 11:29:38Z INFO Terminal] WRITE LINE: Service actions.runner.najibullahjafari-najibullahjafari.ADMIN successfully installed
[2025-06-04 11:29:38Z INFO Terminal] WRITE LINE: Service actions.runner.najibullahjafari-najibullahjafari.ADMIN successfully set recovery option
[2025-06-04 11:29:38Z INFO Terminal] WRITE LINE: Service actions.runner.najibullahjafari-najibullahjafari.ADMIN successfully set to delayed auto start
[2025-06-04 11:29:38Z INFO Terminal] WRITE LINE: Service actions.runner.najibullahjafari-najibullahjafari.ADMIN successfully configured
[2025-06-04 11:29:38Z INFO HostContext] Well known directory 'Bin': 'D:\code\projects\najibullahjafari\actions-runner\bin'
[2025-06-04 11:29:38Z INFO HostContext] Well known directory 'Root': 'D:\code\projects\najibullahjafari\actions-runner'
[2025-06-04 11:29:38Z INFO HostContext] Well known config file 'Service': 'D:\code\projects\najibullahjafari\actions-runner\.service'
[2025-06-04 11:29:38Z INFO WindowsServiceControlManager] Configuration was successful, trying to start the service
[2025-06-04 11:29:38Z INFO Terminal] WRITE LINE: Waiting for service to start...
[2025-06-04 11:29:38Z INFO Terminal] WRITE LINE: Service actions.runner.najibullahjafari-najibullahjafari.ADMIN started successfully
[2025-06-04 11:29:38Z INFO Listener] Runner execution has finished with return code 0
