[2025-06-04 11:29:38Z INFO HostContext] No proxy settings were found based on environmental variables (http_proxy/https_proxy/HTTP_PROXY/HTTPS_PROXY)
[2025-06-04 11:29:38Z INFO HostContext] Well known directory 'Bin': 'D:\code\projects\najibullahjafari\actions-runner\bin'
[2025-06-04 11:29:38Z INFO HostContext] Well known directory 'Root': 'D:\code\projects\najibullahjafari\actions-runner'
[2025-06-04 11:29:38Z INFO HostContext] Well known config file 'Credentials': 'D:\code\projects\najibullahjafari\actions-runner\.credentials'
[2025-06-04 11:29:38Z INFO HostContext] Well known directory 'Bin': 'D:\code\projects\najibullahjafari\actions-runner\bin'
[2025-06-04 11:29:38Z INFO HostContext] Well known directory 'Root': 'D:\code\projects\najibullahjafari\actions-runner'
[2025-06-04 11:29:38Z INFO HostContext] Well known config file 'Runner': 'D:\code\projects\najibullahjafari\actions-runner\.runner'
[2025-06-04 11:29:38Z INFO Listener] Runner is built for Windows (X64) - win-x64.
[2025-06-04 11:29:38Z INFO Listener] RuntimeInformation: Microsoft Windows 10.0.19044.
[2025-06-04 11:29:38Z INFO Listener] Version: 2.324.0
[2025-06-04 11:29:38Z INFO Listener] Commit: da3412efd49b1cf1a0fbdcbcee4e4ac4cc2177c8
[2025-06-04 11:29:38Z INFO Listener] Culture: en-US
[2025-06-04 11:29:38Z INFO Listener] UI Culture: en-US
[2025-06-04 11:29:38Z INFO HostContext] Well known directory 'Bin': 'D:\code\projects\najibullahjafari\actions-runner\bin'
[2025-06-04 11:29:38Z INFO HostContext] Well known directory 'Root': 'D:\code\projects\najibullahjafari\actions-runner'
[2025-06-04 11:29:38Z INFO Listener] Validating directory permissions for: 'D:\code\projects\najibullahjafari\actions-runner'
[2025-06-04 11:29:38Z INFO CommandLineParser] Parse
[2025-06-04 11:29:38Z INFO CommandLineParser] Parsing 3 args
[2025-06-04 11:29:38Z INFO CommandLineParser] parsing argument
[2025-06-04 11:29:38Z INFO CommandLineParser] HasArgs: False
[2025-06-04 11:29:38Z INFO CommandLineParser] Adding Command: run
[2025-06-04 11:29:38Z INFO CommandLineParser] parsing argument
[2025-06-04 11:29:38Z INFO CommandLineParser] HasArgs: True
[2025-06-04 11:29:38Z INFO CommandLineParser] arg: startuptype
[2025-06-04 11:29:38Z INFO CommandLineParser] parsing argument
[2025-06-04 11:29:38Z INFO CommandLineParser] HasArgs: True
[2025-06-04 11:29:38Z INFO CommandLineParser] Adding option 'startuptype': 'service'
[2025-06-04 11:29:38Z INFO Listener] Arguments parsed
[2025-06-04 11:29:38Z INFO Runner] ExecuteCommand
[2025-06-04 11:29:38Z INFO ConfigurationStore] currentAssemblyLocation: D:\code\projects\najibullahjafari\actions-runner\bin\Runner.Listener.dll
[2025-06-04 11:29:38Z INFO HostContext] Well known directory 'Bin': 'D:\code\projects\najibullahjafari\actions-runner\bin'
[2025-06-04 11:29:38Z INFO ConfigurationStore] binPath: D:\code\projects\najibullahjafari\actions-runner\bin
[2025-06-04 11:29:38Z INFO HostContext] Well known directory 'Bin': 'D:\code\projects\najibullahjafari\actions-runner\bin'
[2025-06-04 11:29:38Z INFO HostContext] Well known directory 'Root': 'D:\code\projects\najibullahjafari\actions-runner'
[2025-06-04 11:29:38Z INFO ConfigurationStore] RootFolder: D:\code\projects\najibullahjafari\actions-runner
[2025-06-04 11:29:38Z INFO HostContext] Well known directory 'Bin': 'D:\code\projects\najibullahjafari\actions-runner\bin'
[2025-06-04 11:29:38Z INFO HostContext] Well known directory 'Root': 'D:\code\projects\najibullahjafari\actions-runner'
[2025-06-04 11:29:38Z INFO HostContext] Well known config file 'Runner': 'D:\code\projects\najibullahjafari\actions-runner\.runner'
[2025-06-04 11:29:38Z INFO ConfigurationStore] ConfigFilePath: D:\code\projects\najibullahjafari\actions-runner\.runner
[2025-06-04 11:29:38Z INFO HostContext] Well known directory 'Bin': 'D:\code\projects\najibullahjafari\actions-runner\bin'
[2025-06-04 11:29:38Z INFO HostContext] Well known directory 'Root': 'D:\code\projects\najibullahjafari\actions-runner'
[2025-06-04 11:29:38Z INFO HostContext] Well known config file 'MigratedRunner': 'D:\code\projects\najibullahjafari\actions-runner\.runner_migrated'
[2025-06-04 11:29:38Z INFO ConfigurationStore] MigratedConfigFilePath: D:\code\projects\najibullahjafari\actions-runner\.runner_migrated
[2025-06-04 11:29:38Z INFO HostContext] Well known directory 'Bin': 'D:\code\projects\najibullahjafari\actions-runner\bin'
[2025-06-04 11:29:38Z INFO HostContext] Well known directory 'Root': 'D:\code\projects\najibullahjafari\actions-runner'
[2025-06-04 11:29:38Z INFO HostContext] Well known config file 'Credentials': 'D:\code\projects\najibullahjafari\actions-runner\.credentials'
[2025-06-04 11:29:38Z INFO ConfigurationStore] CredFilePath: D:\code\projects\najibullahjafari\actions-runner\.credentials
[2025-06-04 11:29:38Z INFO HostContext] Well known directory 'Bin': 'D:\code\projects\najibullahjafari\actions-runner\bin'
[2025-06-04 11:29:38Z INFO HostContext] Well known directory 'Root': 'D:\code\projects\najibullahjafari\actions-runner'
[2025-06-04 11:29:38Z INFO HostContext] Well known config file 'MigratedCredentials': 'D:\code\projects\najibullahjafari\actions-runner\.credentials_migrated'
[2025-06-04 11:29:38Z INFO ConfigurationStore] MigratedCredFilePath: D:\code\projects\najibullahjafari\actions-runner\.credentials_migrated
[2025-06-04 11:29:38Z INFO HostContext] Well known directory 'Bin': 'D:\code\projects\najibullahjafari\actions-runner\bin'
[2025-06-04 11:29:38Z INFO HostContext] Well known directory 'Root': 'D:\code\projects\najibullahjafari\actions-runner'
[2025-06-04 11:29:38Z INFO HostContext] Well known config file 'Service': 'D:\code\projects\najibullahjafari\actions-runner\.service'
[2025-06-04 11:29:38Z INFO ConfigurationStore] ServiceConfigFilePath: D:\code\projects\najibullahjafari\actions-runner\.service
[2025-06-04 11:29:38Z INFO CommandSettings] Flag 'help': 'False'
[2025-06-04 11:29:38Z INFO CommandSettings] Flag 'version': 'False'
[2025-06-04 11:29:38Z INFO CommandSettings] Flag 'commit': 'False'
[2025-06-04 11:29:38Z INFO CommandSettings] Flag 'check': 'False'
[2025-06-04 11:29:38Z INFO CommandSettings] Command 'configure': 'False'
[2025-06-04 11:29:38Z INFO CommandSettings] Command 'remove': 'False'
[2025-06-04 11:29:38Z INFO CommandSettings] Command 'warmup': 'False'
[2025-06-04 11:29:38Z INFO ConfigurationManager] LoadSettings
[2025-06-04 11:29:38Z INFO ConfigurationStore] IsConfigured()
[2025-06-04 11:29:38Z INFO ConfigurationStore] IsConfigured: True
[2025-06-04 11:29:38Z INFO ConfigurationManager] Is configured: True
[2025-06-04 11:29:38Z INFO ConfigurationStore] Read setting file: 402 chars
[2025-06-04 11:29:38Z INFO ConfigurationManager] Settings Loaded
[2025-06-04 11:29:38Z INFO ConfigurationStore] IsServiceConfigured()
[2025-06-04 11:29:38Z INFO ConfigurationStore] IsServiceConfigured: True
[2025-06-04 11:29:38Z INFO CommandSettings] Command 'run': 'True'
[2025-06-04 11:29:38Z INFO ConfigurationStore] IsConfigured()
[2025-06-04 11:29:38Z INFO ConfigurationStore] IsConfigured: True
[2025-06-04 11:29:38Z INFO ConfigurationManager] Is configured: True
[2025-06-04 11:29:38Z INFO Runner] Set runner startup type - Service
[2025-06-04 11:29:38Z INFO CommandSettings] Flag 'once': 'False'
[2025-06-04 11:29:38Z INFO CommandSettings] Flag 'once': 'False'
[2025-06-04 11:29:38Z INFO Runner] RunAsync
[2025-06-04 11:29:38Z INFO ConfigurationManager] LoadMigratedSettings
[2025-06-04 11:29:38Z INFO ConfigurationStore] IsMigratedConfigured()
[2025-06-04 11:29:38Z INFO ConfigurationStore] IsMigratedConfigured: False
[2025-06-04 11:29:38Z INFO Runner] Failed to load migrated settings: No migrated configuration found.
[2025-06-04 11:29:38Z INFO Runner] Falling back to original .runner settings
[2025-06-04 11:29:38Z INFO Runner] Using BrokerMessageListener
[2025-06-04 11:29:38Z INFO BrokerMessageListener] Using provided settings
[2025-06-04 11:29:38Z INFO BrokerMessageListener] {
  "AgentId": 2,
  "AgentName": "ADMIN",
  "PoolId": 1,
  "PoolName": "Default",
  "ServerUrl": "https://pipelinesghubeus10.actions.githubusercontent.com/SmwzraeaWhI0qVoBd0c9RT6SsoghmSImrvMYGuHRV4F7r5GQIk/",
  "GitHubUrl": "https://github.com/najibullahjafari/najibullahjafari",
  "WorkFolder": "_work",
  "UseV2Flow": true,
  "ServerUrlV2": "https://broker.actions.githubusercontent.com/"
}
[2025-06-04 11:29:38Z INFO BrokerMessageListener] Loading Credentials
[2025-06-04 11:29:38Z INFO ConfigurationStore] HasCredentials()
[2025-06-04 11:29:38Z INFO ConfigurationStore] stored True
[2025-06-04 11:29:38Z INFO CredentialManager] GetCredentialProvider
[2025-06-04 11:29:38Z INFO CredentialManager] Creating type OAuth
[2025-06-04 11:29:38Z INFO CredentialManager] Creating credential type: OAuth
[2025-06-04 11:29:38Z INFO HostContext] Well known directory 'Bin': 'D:\code\projects\najibullahjafari\actions-runner\bin'
[2025-06-04 11:29:38Z INFO HostContext] Well known directory 'Root': 'D:\code\projects\najibullahjafari\actions-runner'
[2025-06-04 11:29:38Z INFO HostContext] Well known config file 'RSACredentials': 'D:\code\projects\najibullahjafari\actions-runner\.credentials_rsaparams'
[2025-06-04 11:29:38Z INFO RSAEncryptedFileKeyManager] Loading RSA key parameters from file D:\code\projects\najibullahjafari\actions-runner\.credentials_rsaparams
[2025-06-04 11:29:38Z INFO BrokerMessageListener] Attempt to create session.
[2025-06-04 11:29:38Z INFO BrokerMessageListener] Connecting to the Broker Server...
[2025-06-04 11:29:38Z INFO ConfigurationStore] HasCredentials()
[2025-06-04 11:29:38Z INFO ConfigurationStore] stored True
[2025-06-04 11:29:38Z INFO CredentialManager] GetCredentialProvider
[2025-06-04 11:29:38Z INFO CredentialManager] Creating type OAuth
[2025-06-04 11:29:38Z INFO CredentialManager] Creating credential type: OAuth
[2025-06-04 11:29:38Z INFO RSAEncryptedFileKeyManager] Loading RSA key parameters from file D:\code\projects\najibullahjafari\actions-runner\.credentials_rsaparams
[2025-06-04 11:29:38Z INFO BrokerMessageListener] VssConnection created
[2025-06-04 11:29:38Z INFO BrokerMessageListener] Connecting to the Runner server...
[2025-06-04 11:29:38Z INFO RunnerServer] EstablishVssConnection
[2025-06-04 11:29:38Z INFO RunnerServer] Establish connection with 100 seconds timeout.
[2025-06-04 11:29:38Z INFO GitHubActionsService] Starting operation Location.GetConnectionData
[2025-06-04 11:29:38Z INFO RunnerServer] EstablishVssConnection
[2025-06-04 11:29:38Z INFO RunnerServer] Establish connection with 60 seconds timeout.
[2025-06-04 11:29:38Z INFO GitHubActionsService] Starting operation Location.GetConnectionData
[2025-06-04 11:29:38Z INFO RunnerServer] EstablishVssConnection
[2025-06-04 11:29:38Z INFO RunnerServer] Establish connection with 60 seconds timeout.
[2025-06-04 11:29:38Z INFO GitHubActionsService] Starting operation Location.GetConnectionData
